Using pre-set license
Built from '2021.1/staging' branch; Version is '2021.1.2f1 (e5d502d80fbb) revision 15062274'; Using compiler version '192528614'; Build Type 'Release'
OS: 'Windows 10 Home; OS build 19042.1348; Version 2009; 64bit' Language: 'sv' Physical Memory: 16324 MB
BatchMode: 1, IsHumanControllingUs: 0, StartBugReporterOnCrash: 0, Is64bit: 1, IsPro: 0

 COMMAND LINE ARGUMENTS:
C:\Program Files\Unity\Hub\Editor\2021.1.2f1\Editor\Unity.exe
-adb2
-batchMode
-noUpm
-name
AssetImportWorker0
-projectPath
E:/UnityProjects/Procedural Animation and Particle Systems
-logFile
Logs/AssetImportWorker0.log
-srvPort
6894
Successfully changed project path to: E:/UnityProjects/Procedural Animation and Particle Systems
Unable to parse file ProjectSettings/ProjectVersion.txt: [Parser Failure at line 1: Expected non empty YAML buffer]

Unable to parse file ProjectSettings/ProjectVersion.txt: [Parser Failure at line 1: Expected non empty YAML buffer]

E:/UnityProjects/Procedural Animation and Particle Systems
Using Asset Import Pipeline V2.
Refreshing native plugins compatible for Editor in 117.96 ms, found 1 plugins.
Preloading 0 native plugins for Editor in 0.00 ms.
Initialize engine version: 2021.1.2f1 (e5d502d80fbb)
[Subsystems] Discovering subsystems at path C:/Program Files/Unity/Hub/Editor/2021.1.2f1/Editor/Data/Resources/UnitySubsystems
[Subsystems] Discovering subsystems at path E:/UnityProjects/Procedural Animation and Particle Systems/Assets
GfxDevice: creating device client; threaded=0; jobified=0
Direct3D:
    Version:  Direct3D 11.0 [level 11.1]
    Renderer: NVIDIA GeForce GTX 1070 (ID=0x1b81)
    Vendor:   NVIDIA
    VRAM:     8088 MB
    Driver:   30.0.14.9676
Initialize mono
Mono path[0] = 'C:/Program Files/Unity/Hub/Editor/2021.1.2f1/Editor/Data/Managed'
Mono path[1] = 'C:/Program Files/Unity/Hub/Editor/2021.1.2f1/Editor/Data/MonoBleedingEdge/lib/mono/unityjit'
Mono config path = 'C:/Program Files/Unity/Hub/Editor/2021.1.2f1/Editor/Data/MonoBleedingEdge/etc'
Using monoOptions --debugger-agent=transport=dt_socket,embedding=1,server=y,suspend=n,address=127.0.0.1:56912
Begin MonoManager ReloadAssembly
Registering precompiled unity dll's ...
Register platform support module: C:/Program Files/Unity/Hub/Editor/2021.1.2f1/Editor/Data/PlaybackEngines/WindowsStandaloneSupport/UnityEditor.WindowsStandalone.Extensions.dll
Registered in 0.002061 seconds.
Native extension for WindowsStandalone target not found
Refreshing native plugins compatible for Editor in 217.14 ms, found 1 plugins.
Preloading 0 native plugins for Editor in 0.00 ms.
Mono: successfully reloaded assembly
- Completed reload, in  2.353 seconds
Platform modules already initialized, skipping
Registering precompiled user dll's ...
Registered in 0.002655 seconds.
Begin MonoManager ReloadAssembly
Native extension for WindowsStandalone target not found
Refreshing native plugins compatible for Editor in 0.64 ms, found 1 plugins.
Preloading 0 native plugins for Editor in 0.00 ms.
Mono: successfully reloaded assembly
- Completed reload, in  1.889 seconds
Platform modules already initialized, skipping
========================================================================
Worker process is ready to serve import requests
Launched and connected shader compiler UnityShaderCompiler.exe after 0.04 seconds
Refreshing native plugins compatible for Editor in 0.81 ms, found 1 plugins.
Preloading 0 native plugins for Editor in 0.00 ms.
Unloading 3071 Unused Serialized files (Serialized files now loaded: 0)
System memory in use before: 131.1 MB.
System memory in use after: 131.3 MB.

Unloading 15 unused Assets to reduce memory usage. Loaded Objects now: 3536.
Total: 2.955300 ms (FindLiveObjects: 0.326300 ms CreateObjectMapping: 0.161700 ms MarkObjects: 2.377400 ms  DeleteObjects: 0.088500 ms)

========================================================================
Received Import Request.
  path: Assets/Scripts/movement.cs
  artifactKey: Guid(00feb875e82d365409c3536dc66f7dee) Importer(815301076,1909f56bfc062723c751e8b465ee728b)
Start importing Assets/Scripts/movement.cs using Guid(00feb875e82d365409c3536dc66f7dee) Importer(815301076,1909f56bfc062723c751e8b465ee728b)  -> (artifact id: '2688e5d5911b9dcc175065d979fbba00') in 0.060391 seconds 
========================================================================
Received Prepare
Registering precompiled user dll's ...
Registered in 0.003185 seconds.
Begin MonoManager ReloadAssembly
Native extension for WindowsStandalone target not found
Refreshing native plugins compatible for Editor in 0.47 ms, found 1 plugins.
Preloading 0 native plugins for Editor in 0.00 ms.
Mono: successfully reloaded assembly
- Completed reload, in  1.033 seconds
Platform modules already initialized, skipping
Refreshing native plugins compatible for Editor in 0.55 ms, found 1 plugins.
Preloading 0 native plugins for Editor in 0.00 ms.
Unloading 3063 Unused Serialized files (Serialized files now loaded: 0)
System memory in use before: 130.8 MB.
System memory in use after: 131.0 MB.

Unloading 10 unused Assets to reduce memory usage. Loaded Objects now: 3538.
Total: 2.304600 ms (FindLiveObjects: 0.230800 ms CreateObjectMapping: 0.144900 ms MarkObjects: 1.910000 ms  DeleteObjects: 0.018000 ms)

========================================================================
Received Import Request.
  Time since last request: 269.781550 seconds.
  path: Assets/Scripts/movement.cs
  artifactKey: Guid(00feb875e82d365409c3536dc66f7dee) Importer(815301076,1909f56bfc062723c751e8b465ee728b)
Start importing Assets/Scripts/movement.cs using Guid(00feb875e82d365409c3536dc66f7dee) Importer(815301076,1909f56bfc062723c751e8b465ee728b)  -> (artifact id: '3df30ecc7353bc8618975cff1bc3377c') in 0.006969 seconds 
========================================================================
Received Prepare
Registering precompiled user dll's ...
Registered in 0.002530 seconds.
Begin MonoManager ReloadAssembly
Native extension for WindowsStandalone target not found
Refreshing native plugins compatible for Editor in 0.85 ms, found 1 plugins.
Preloading 0 native plugins for Editor in 0.00 ms.
Mono: successfully reloaded assembly
- Completed reload, in  1.021 seconds
Platform modules already initialized, skipping
Refreshing native plugins compatible for Editor in 0.60 ms, found 1 plugins.
Preloading 0 native plugins for Editor in 0.00 ms.
Unloading 3063 Unused Serialized files (Serialized files now loaded: 0)
System memory in use before: 130.8 MB.
System memory in use after: 131.0 MB.

Unloading 10 unused Assets to reduce memory usage. Loaded Objects now: 3540.
Total: 3.278700 ms (FindLiveObjects: 0.295500 ms CreateObjectMapping: 0.207300 ms MarkObjects: 2.753700 ms  DeleteObjects: 0.020500 ms)

========================================================================
Received Import Request.
  Time since last request: 34.739355 seconds.
  path: Assets/Scripts/movement.cs
  artifactKey: Guid(00feb875e82d365409c3536dc66f7dee) Importer(815301076,1909f56bfc062723c751e8b465ee728b)
Start importing Assets/Scripts/movement.cs using Guid(00feb875e82d365409c3536dc66f7dee) Importer(815301076,1909f56bfc062723c751e8b465ee728b)  -> (artifact id: '65a0fd61f4fdbf1eccbc0ddeddb7bdae') in 0.006072 seconds 
========================================================================
Received Prepare
Registering precompiled user dll's ...
Registered in 0.002725 seconds.
Begin MonoManager ReloadAssembly
Native extension for WindowsStandalone target not found
Refreshing native plugins compatible for Editor in 0.60 ms, found 1 plugins.
Preloading 0 native plugins for Editor in 0.00 ms.
Mono: successfully reloaded assembly
- Completed reload, in  1.112 seconds
Platform modules already initialized, skipping
Refreshing native plugins compatible for Editor in 0.51 ms, found 1 plugins.
Preloading 0 native plugins for Editor in 0.00 ms.
Unloading 3063 Unused Serialized files (Serialized files now loaded: 0)
System memory in use before: 130.8 MB.
System memory in use after: 131.1 MB.

Unloading 10 unused Assets to reduce memory usage. Loaded Objects now: 3542.
Total: 2.938700 ms (FindLiveObjects: 0.509900 ms CreateObjectMapping: 0.374000 ms MarkObjects: 2.037000 ms  DeleteObjects: 0.016100 ms)

========================================================================
Received Import Request.
  Time since last request: 21.912358 seconds.
  path: Assets/Scripts/movement.cs
  artifactKey: Guid(00feb875e82d365409c3536dc66f7dee) Importer(815301076,1909f56bfc062723c751e8b465ee728b)
Start importing Assets/Scripts/movement.cs using Guid(00feb875e82d365409c3536dc66f7dee) Importer(815301076,1909f56bfc062723c751e8b465ee728b)  -> (artifact id: 'aece23c96d2e488283809c691d62e7d7') in 0.006713 seconds 
========================================================================
Received Prepare
Registering precompiled user dll's ...
Registered in 0.002525 seconds.
Begin MonoManager ReloadAssembly
Native extension for WindowsStandalone target not found
Refreshing native plugins compatible for Editor in 0.55 ms, found 1 plugins.
Preloading 0 native plugins for Editor in 0.00 ms.
Mono: successfully reloaded assembly
- Completed reload, in  1.041 seconds
Platform modules already initialized, skipping
Refreshing native plugins compatible for Editor in 0.50 ms, found 1 plugins.
Preloading 0 native plugins for Editor in 0.00 ms.
Unloading 3063 Unused Serialized files (Serialized files now loaded: 0)
System memory in use before: 130.9 MB.
System memory in use after: 131.1 MB.

Unloading 10 unused Assets to reduce memory usage. Loaded Objects now: 3544.
Total: 3.594500 ms (FindLiveObjects: 0.284100 ms CreateObjectMapping: 0.349700 ms MarkObjects: 2.935000 ms  DeleteObjects: 0.024400 ms)

========================================================================
Received Import Request.
  Time since last request: 23.622404 seconds.
  path: Assets/Scripts/movement.cs
  artifactKey: Guid(00feb875e82d365409c3536dc66f7dee) Importer(815301076,1909f56bfc062723c751e8b465ee728b)
Start importing Assets/Scripts/movement.cs using Guid(00feb875e82d365409c3536dc66f7dee) Importer(815301076,1909f56bfc062723c751e8b465ee728b)  -> (artifact id: 'c27f4040f7ffea59ba71722299333cbe') in 0.005256 seconds 
========================================================================
Received Prepare
Registering precompiled user dll's ...
Registered in 0.002561 seconds.
Begin MonoManager ReloadAssembly
Native extension for WindowsStandalone target not found
Refreshing native plugins compatible for Editor in 0.77 ms, found 1 plugins.
Preloading 0 native plugins for Editor in 0.00 ms.
Mono: successfully reloaded assembly
- Completed reload, in  1.035 seconds
Platform modules already initialized, skipping
Refreshing native plugins compatible for Editor in 1.41 ms, found 1 plugins.
Preloading 0 native plugins for Editor in 0.00 ms.
Unloading 3063 Unused Serialized files (Serialized files now loaded: 0)
System memory in use before: 130.9 MB.
System memory in use after: 131.1 MB.

Unloading 10 unused Assets to reduce memory usage. Loaded Objects now: 3546.
Total: 2.345500 ms (FindLiveObjects: 0.258700 ms CreateObjectMapping: 0.152100 ms MarkObjects: 1.916900 ms  DeleteObjects: 0.016500 ms)

========================================================================
Received Import Request.
  Time since last request: 19.240509 seconds.
  path: Assets/Scripts/movement.cs
  artifactKey: Guid(00feb875e82d365409c3536dc66f7dee) Importer(815301076,1909f56bfc062723c751e8b465ee728b)
Start importing Assets/Scripts/movement.cs using Guid(00feb875e82d365409c3536dc66f7dee) Importer(815301076,1909f56bfc062723c751e8b465ee728b)  -> (artifact id: 'e3a82ab64a61c42e49a23f34dfb53420') in 0.005531 seconds 
========================================================================
Received Prepare
Registering precompiled user dll's ...
Registered in 0.002507 seconds.
Begin MonoManager ReloadAssembly
Native extension for WindowsStandalone target not found
Refreshing native plugins compatible for Editor in 0.79 ms, found 1 plugins.
Preloading 0 native plugins for Editor in 0.00 ms.
Mono: successfully reloaded assembly
- Completed reload, in  1.021 seconds
Platform modules already initialized, skipping
Refreshing native plugins compatible for Editor in 0.56 ms, found 1 plugins.
Preloading 0 native plugins for Editor in 0.00 ms.
Unloading 3063 Unused Serialized files (Serialized files now loaded: 0)
System memory in use before: 130.9 MB.
System memory in use after: 131.1 MB.

Unloading 10 unused Assets to reduce memory usage. Loaded Objects now: 3548.
Total: 2.178100 ms (FindLiveObjects: 0.227800 ms CreateObjectMapping: 0.146200 ms MarkObjects: 1.786500 ms  DeleteObjects: 0.016600 ms)

========================================================================
Received Import Request.
  Time since last request: 45.790394 seconds.
  path: Assets/Scripts/movement.cs
  artifactKey: Guid(00feb875e82d365409c3536dc66f7dee) Importer(815301076,1909f56bfc062723c751e8b465ee728b)
Start importing Assets/Scripts/movement.cs using Guid(00feb875e82d365409c3536dc66f7dee) Importer(815301076,1909f56bfc062723c751e8b465ee728b)  -> (artifact id: 'de455a28270334e081a2b92814e6154d') in 0.010763 seconds 
========================================================================
Received Prepare
Registering precompiled user dll's ...
Registered in 0.002634 seconds.
Begin MonoManager ReloadAssembly
Native extension for WindowsStandalone target not found
Refreshing native plugins compatible for Editor in 0.46 ms, found 1 plugins.
Preloading 0 native plugins for Editor in 0.00 ms.
Mono: successfully reloaded assembly
- Completed reload, in  0.937 seconds
Platform modules already initialized, skipping
Refreshing native plugins compatible for Editor in 0.46 ms, found 1 plugins.
Preloading 0 native plugins for Editor in 0.00 ms.
Unloading 3063 Unused Serialized files (Serialized files now loaded: 0)
System memory in use before: 130.9 MB.
System memory in use after: 131.1 MB.

Unloading 10 unused Assets to reduce memory usage. Loaded Objects now: 3550.
Total: 2.426100 ms (FindLiveObjects: 0.238100 ms CreateObjectMapping: 0.151600 ms MarkObjects: 2.019900 ms  DeleteObjects: 0.015400 ms)

========================================================================
Received Prepare
Registering precompiled user dll's ...
Registered in 0.002595 seconds.
Begin MonoManager ReloadAssembly
Native extension for WindowsStandalone target not found
Refreshing native plugins compatible for Editor in 0.49 ms, found 1 plugins.
Preloading 0 native plugins for Editor in 0.00 ms.
Mono: successfully reloaded assembly
- Completed reload, in  1.011 seconds
Platform modules already initialized, skipping
Refreshing native plugins compatible for Editor in 0.48 ms, found 1 plugins.
Preloading 0 native plugins for Editor in 0.00 ms.
Unloading 3063 Unused Serialized files (Serialized files now loaded: 0)
System memory in use before: 130.9 MB.
System memory in use after: 131.1 MB.

Unloading 10 unused Assets to reduce memory usage. Loaded Objects now: 3552.
Total: 2.469400 ms (FindLiveObjects: 0.250700 ms CreateObjectMapping: 0.172700 ms MarkObjects: 2.027500 ms  DeleteObjects: 0.017400 ms)

========================================================================
Received Prepare
Registering precompiled user dll's ...
Registered in 0.004792 seconds.
Begin MonoManager ReloadAssembly
Native extension for WindowsStandalone target not found
Refreshing native plugins compatible for Editor in 0.47 ms, found 1 plugins.
Preloading 0 native plugins for Editor in 0.00 ms.
Mono: successfully reloaded assembly
- Completed reload, in  1.003 seconds
Platform modules already initialized, skipping
Refreshing native plugins compatible for Editor in 0.91 ms, found 1 plugins.
Preloading 0 native plugins for Editor in 0.00 ms.
Unloading 3063 Unused Serialized files (Serialized files now loaded: 0)
System memory in use before: 130.9 MB.
System memory in use after: 131.1 MB.

Unloading 10 unused Assets to reduce memory usage. Loaded Objects now: 3554.
Total: 3.824200 ms (FindLiveObjects: 0.388700 ms CreateObjectMapping: 0.249800 ms MarkObjects: 3.156000 ms  DeleteObjects: 0.020200 ms)

========================================================================
Received Prepare
Registering precompiled user dll's ...
Registered in 0.002473 seconds.
Begin MonoManager ReloadAssembly
Native extension for WindowsStandalone target not found
Refreshing native plugins compatible for Editor in 0.46 ms, found 1 plugins.
Preloading 0 native plugins for Editor in 0.00 ms.
Mono: successfully reloaded assembly
- Completed reload, in  0.940 seconds
Platform modules already initialized, skipping
Refreshing native plugins compatible for Editor in 0.51 ms, found 1 plugins.
Preloading 0 native plugins for Editor in 0.00 ms.
Unloading 3063 Unused Serialized files (Serialized files now loaded: 0)
System memory in use before: 130.9 MB.
System memory in use after: 131.1 MB.

Unloading 10 unused Assets to reduce memory usage. Loaded Objects now: 3556.
Total: 2.279600 ms (FindLiveObjects: 0.267000 ms CreateObjectMapping: 0.169400 ms MarkObjects: 1.826500 ms  DeleteObjects: 0.015500 ms)

========================================================================
Received Prepare
Registering precompiled user dll's ...
Registered in 0.002744 seconds.
Begin MonoManager ReloadAssembly
Native extension for WindowsStandalone target not found
Refreshing native plugins compatible for Editor in 0.51 ms, found 1 plugins.
Preloading 0 native plugins for Editor in 0.00 ms.
Mono: successfully reloaded assembly
- Completed reload, in  0.984 seconds
Platform modules already initialized, skipping
Refreshing native plugins compatible for Editor in 0.87 ms, found 1 plugins.
Preloading 0 native plugins for Editor in 0.00 ms.
Unloading 3063 Unused Serialized files (Serialized files now loaded: 0)
System memory in use before: 130.9 MB.
System memory in use after: 131.1 MB.

Unloading 10 unused Assets to reduce memory usage. Loaded Objects now: 3558.
Total: 3.109100 ms (FindLiveObjects: 0.424300 ms CreateObjectMapping: 0.248200 ms MarkObjects: 2.416300 ms  DeleteObjects: 0.018900 ms)

========================================================================
Received Prepare
Registering precompiled user dll's ...
Registered in 0.002664 seconds.
Begin MonoManager ReloadAssembly
Native extension for WindowsStandalone target not found
Refreshing native plugins compatible for Editor in 0.46 ms, found 1 plugins.
Preloading 0 native plugins for Editor in 0.00 ms.
Mono: successfully reloaded assembly
- Completed reload, in  0.962 seconds
Platform modules already initialized, skipping
Refreshing native plugins compatible for Editor in 0.57 ms, found 1 plugins.
Preloading 0 native plugins for Editor in 0.00 ms.
Unloading 3063 Unused Serialized files (Serialized files now loaded: 0)
System memory in use before: 130.9 MB.
System memory in use after: 131.1 MB.

Unloading 10 unused Assets to reduce memory usage. Loaded Objects now: 3560.
Total: 4.282800 ms (FindLiveObjects: 0.338900 ms CreateObjectMapping: 0.177500 ms MarkObjects: 3.744500 ms  DeleteObjects: 0.019800 ms)

========================================================================
Received Prepare
Registering precompiled user dll's ...
Registered in 0.002619 seconds.
Begin MonoManager ReloadAssembly
Native extension for WindowsStandalone target not found
Refreshing native plugins compatible for Editor in 0.47 ms, found 1 plugins.
Preloading 0 native plugins for Editor in 0.00 ms.
Mono: successfully reloaded assembly
- Completed reload, in  1.000 seconds
Platform modules already initialized, skipping
Refreshing native plugins compatible for Editor in 0.51 ms, found 1 plugins.
Preloading 0 native plugins for Editor in 0.00 ms.
Unloading 3063 Unused Serialized files (Serialized files now loaded: 0)
System memory in use before: 130.9 MB.
System memory in use after: 131.1 MB.

Unloading 10 unused Assets to reduce memory usage. Loaded Objects now: 3562.
Total: 2.272900 ms (FindLiveObjects: 0.330600 ms CreateObjectMapping: 0.165700 ms MarkObjects: 1.758100 ms  DeleteObjects: 0.017100 ms)

========================================================================
Received Prepare
Registering precompiled user dll's ...
Registered in 0.002995 seconds.
Begin MonoManager ReloadAssembly
Native extension for WindowsStandalone target not found
Refreshing native plugins compatible for Editor in 1.02 ms, found 1 plugins.
Preloading 0 native plugins for Editor in 0.00 ms.
Mono: successfully reloaded assembly
- Completed reload, in  0.993 seconds
Platform modules already initialized, skipping
Refreshing native plugins compatible for Editor in 0.53 ms, found 1 plugins.
Preloading 0 native plugins for Editor in 0.00 ms.
Unloading 3063 Unused Serialized files (Serialized files now loaded: 0)
System memory in use before: 130.9 MB.
System memory in use after: 131.2 MB.

Unloading 10 unused Assets to reduce memory usage. Loaded Objects now: 3564.
Total: 2.268500 ms (FindLiveObjects: 0.259200 ms CreateObjectMapping: 0.133800 ms MarkObjects: 1.856100 ms  DeleteObjects: 0.018600 ms)

========================================================================
Received Prepare
Registering precompiled user dll's ...
Registered in 0.003191 seconds.
Begin MonoManager ReloadAssembly
Native extension for WindowsStandalone target not found
Refreshing native plugins compatible for Editor in 0.48 ms, found 1 plugins.
Preloading 0 native plugins for Editor in 0.00 ms.
Mono: successfully reloaded assembly
- Completed reload, in  1.174 seconds
Platform modules already initialized, skipping
Refreshing native plugins compatible for Editor in 0.86 ms, found 1 plugins.
Preloading 0 native plugins for Editor in 0.00 ms.
Unloading 3063 Unused Serialized files (Serialized files now loaded: 0)
System memory in use before: 130.9 MB.
System memory in use after: 131.2 MB.

Unloading 10 unused Assets to reduce memory usage. Loaded Objects now: 3566.
Total: 5.333600 ms (FindLiveObjects: 0.908600 ms CreateObjectMapping: 0.450900 ms MarkObjects: 3.949400 ms  DeleteObjects: 0.021500 ms)

========================================================================
Received Prepare
Registering precompiled user dll's ...
Registered in 0.002482 seconds.
Begin MonoManager ReloadAssembly
Native extension for WindowsStandalone target not found
Refreshing native plugins compatible for Editor in 3.10 ms, found 1 plugins.
Preloading 0 native plugins for Editor in 0.00 ms.
Mono: successfully reloaded assembly
- Completed reload, in  0.971 seconds
Platform modules already initialized, skipping
Refreshing native plugins compatible for Editor in 0.49 ms, found 1 plugins.
Preloading 0 native plugins for Editor in 0.00 ms.
Unloading 3063 Unused Serialized files (Serialized files now loaded: 0)
System memory in use before: 130.9 MB.
System memory in use after: 131.2 MB.

Unloading 10 unused Assets to reduce memory usage. Loaded Objects now: 3568.
Total: 2.654000 ms (FindLiveObjects: 0.232800 ms CreateObjectMapping: 0.111800 ms MarkObjects: 2.292400 ms  DeleteObjects: 0.016100 ms)

========================================================================
Received Prepare
Registering precompiled user dll's ...
Registered in 0.003153 seconds.
Begin MonoManager ReloadAssembly
Native extension for WindowsStandalone target not found
Refreshing native plugins compatible for Editor in 0.47 ms, found 1 plugins.
Preloading 0 native plugins for Editor in 0.00 ms.
Mono: successfully reloaded assembly
- Completed reload, in  0.971 seconds
Platform modules already initialized, skipping
Refreshing native plugins compatible for Editor in 0.52 ms, found 1 plugins.
Preloading 0 native plugins for Editor in 0.00 ms.
Unloading 3063 Unused Serialized files (Serialized files now loaded: 0)
System memory in use before: 130.9 MB.
System memory in use after: 131.2 MB.

Unloading 10 unused Assets to reduce memory usage. Loaded Objects now: 3570.
Total: 2.494400 ms (FindLiveObjects: 0.231700 ms CreateObjectMapping: 0.139000 ms MarkObjects: 2.104800 ms  DeleteObjects: 0.017300 ms)

========================================================================
Received Prepare
Registering precompiled user dll's ...
Registered in 0.003847 seconds.
Begin MonoManager ReloadAssembly
Native extension for WindowsStandalone target not found
Refreshing native plugins compatible for Editor in 0.49 ms, found 1 plugins.
Preloading 0 native plugins for Editor in 0.00 ms.
Mono: successfully reloaded assembly
- Completed reload, in  0.953 seconds
Platform modules already initialized, skipping
Refreshing native plugins compatible for Editor in 0.51 ms, found 1 plugins.
Preloading 0 native plugins for Editor in 0.00 ms.
Unloading 3063 Unused Serialized files (Serialized files now loaded: 0)
System memory in use before: 130.9 MB.
System memory in use after: 131.2 MB.

Unloading 10 unused Assets to reduce memory usage. Loaded Objects now: 3572.
Total: 2.361100 ms (FindLiveObjects: 0.221400 ms CreateObjectMapping: 0.146000 ms MarkObjects: 1.975900 ms  DeleteObjects: 0.017000 ms)

========================================================================
Received Prepare
Registering precompiled user dll's ...
Registered in 0.002461 seconds.
Begin MonoManager ReloadAssembly
Native extension for WindowsStandalone target not found
Refreshing native plugins compatible for Editor in 0.59 ms, found 1 plugins.
Preloading 0 native plugins for Editor in 0.00 ms.
Mono: successfully reloaded assembly
- Completed reload, in  1.069 seconds
Platform modules already initialized, skipping
Refreshing native plugins compatible for Editor in 0.60 ms, found 1 plugins.
Preloading 0 native plugins for Editor in 0.00 ms.
Unloading 3063 Unused Serialized files (Serialized files now loaded: 0)
System memory in use before: 131.0 MB.
System memory in use after: 131.2 MB.

Unloading 10 unused Assets to reduce memory usage. Loaded Objects now: 3574.
Total: 2.609500 ms (FindLiveObjects: 0.341500 ms CreateObjectMapping: 0.188500 ms MarkObjects: 2.063300 ms  DeleteObjects: 0.015400 ms)

========================================================================
Received Prepare
Registering precompiled user dll's ...
Registered in 0.003037 seconds.
Begin MonoManager ReloadAssembly
Native extension for WindowsStandalone target not found
Refreshing native plugins compatible for Editor in 0.48 ms, found 1 plugins.
Preloading 0 native plugins for Editor in 0.00 ms.
Mono: successfully reloaded assembly
- Completed reload, in  0.977 seconds
Platform modules already initialized, skipping
Refreshing native plugins compatible for Editor in 0.63 ms, found 1 plugins.
Preloading 0 native plugins for Editor in 0.00 ms.
Unloading 3063 Unused Serialized files (Serialized files now loaded: 0)
System memory in use before: 131.0 MB.
System memory in use after: 131.2 MB.

Unloading 10 unused Assets to reduce memory usage. Loaded Objects now: 3576.
Total: 2.762300 ms (FindLiveObjects: 0.517000 ms CreateObjectMapping: 0.180500 ms MarkObjects: 2.046400 ms  DeleteObjects: 0.016800 ms)

========================================================================
Received Prepare
Registering precompiled user dll's ...
Registered in 0.002477 seconds.
Begin MonoManager ReloadAssembly
Native extension for WindowsStandalone target not found
Refreshing native plugins compatible for Editor in 0.74 ms, found 1 plugins.
Preloading 0 native plugins for Editor in 0.00 ms.
Mono: successfully reloaded assembly
- Completed reload, in  0.982 seconds
Platform modules already initialized, skipping
Refreshing native plugins compatible for Editor in 0.49 ms, found 1 plugins.
Preloading 0 native plugins for Editor in 0.00 ms.
Unloading 3063 Unused Serialized files (Serialized files now loaded: 0)
System memory in use before: 131.0 MB.
System memory in use after: 131.2 MB.

Unloading 10 unused Assets to reduce memory usage. Loaded Objects now: 3578.
Total: 2.638200 ms (FindLiveObjects: 0.333000 ms CreateObjectMapping: 0.168400 ms MarkObjects: 2.118200 ms  DeleteObjects: 0.017500 ms)

========================================================================
Received Prepare
Registering precompiled user dll's ...
Registered in 0.002569 seconds.
Begin MonoManager ReloadAssembly
Native extension for WindowsStandalone target not found
Refreshing native plugins compatible for Editor in 0.46 ms, found 1 plugins.
Preloading 0 native plugins for Editor in 0.00 ms.
Mono: successfully reloaded assembly
- Completed reload, in  0.975 seconds
Platform modules already initialized, skipping
Refreshing native plugins compatible for Editor in 0.67 ms, found 1 plugins.
Preloading 0 native plugins for Editor in 0.00 ms.
Unloading 3063 Unused Serialized files (Serialized files now loaded: 0)
System memory in use before: 131.0 MB.
System memory in use after: 131.2 MB.

Unloading 10 unused Assets to reduce memory usage. Loaded Objects now: 3580.
Total: 3.053100 ms (FindLiveObjects: 0.310500 ms CreateObjectMapping: 0.166700 ms MarkObjects: 2.546000 ms  DeleteObjects: 0.028500 ms)

========================================================================
Received Prepare
Registering precompiled user dll's ...
Registered in 0.002435 seconds.
Begin MonoManager ReloadAssembly
Native extension for WindowsStandalone target not found
Refreshing native plugins compatible for Editor in 0.50 ms, found 1 plugins.
Preloading 0 native plugins for Editor in 0.00 ms.
Mono: successfully reloaded assembly
- Completed reload, in  0.975 seconds
Platform modules already initialized, skipping
Refreshing native plugins compatible for Editor in 0.53 ms, found 1 plugins.
Preloading 0 native plugins for Editor in 0.00 ms.
Unloading 3063 Unused Serialized files (Serialized files now loaded: 0)
System memory in use before: 131.0 MB.
System memory in use after: 131.2 MB.

Unloading 10 unused Assets to reduce memory usage. Loaded Objects now: 3582.
Total: 2.907900 ms (FindLiveObjects: 0.271700 ms CreateObjectMapping: 0.187900 ms MarkObjects: 2.422100 ms  DeleteObjects: 0.024500 ms)

========================================================================
Received Prepare
Registering precompiled user dll's ...
Registered in 0.004067 seconds.
Begin MonoManager ReloadAssembly
Native extension for WindowsStandalone target not found
Refreshing native plugins compatible for Editor in 0.46 ms, found 1 plugins.
Preloading 0 native plugins for Editor in 0.00 ms.
Mono: successfully reloaded assembly
- Completed reload, in  0.946 seconds
Platform modules already initialized, skipping
Refreshing native plugins compatible for Editor in 0.54 ms, found 1 plugins.
Preloading 0 native plugins for Editor in 0.00 ms.
Unloading 3063 Unused Serialized files (Serialized files now loaded: 0)
System memory in use before: 131.0 MB.
System memory in use after: 131.2 MB.

Unloading 10 unused Assets to reduce memory usage. Loaded Objects now: 3584.
Total: 2.227400 ms (FindLiveObjects: 0.257300 ms CreateObjectMapping: 0.130300 ms MarkObjects: 1.822900 ms  DeleteObjects: 0.016000 ms)

========================================================================
Received Prepare
Registering precompiled user dll's ...
Registered in 0.003304 seconds.
Begin MonoManager ReloadAssembly
Native extension for WindowsStandalone target not found
Refreshing native plugins compatible for Editor in 0.60 ms, found 1 plugins.
Preloading 0 native plugins for Editor in 0.00 ms.
Mono: successfully reloaded assembly
- Completed reload, in  1.005 seconds
Platform modules already initialized, skipping
Refreshing native plugins compatible for Editor in 0.76 ms, found 1 plugins.
Preloading 0 native plugins for Editor in 0.00 ms.
Unloading 3063 Unused Serialized files (Serialized files now loaded: 0)
System memory in use before: 131.0 MB.
System memory in use after: 131.2 MB.

Unloading 10 unused Assets to reduce memory usage. Loaded Objects now: 3586.
Total: 2.468500 ms (FindLiveObjects: 0.223300 ms CreateObjectMapping: 0.140100 ms MarkObjects: 2.087300 ms  DeleteObjects: 0.017000 ms)

========================================================================
Received Prepare
Registering precompiled user dll's ...
Registered in 0.002529 seconds.
Begin MonoManager ReloadAssembly
Native extension for WindowsStandalone target not found
Refreshing native plugins compatible for Editor in 0.82 ms, found 1 plugins.
Preloading 0 native plugins for Editor in 0.00 ms.
Mono: successfully reloaded assembly
- Completed reload, in  0.969 seconds
Platform modules already initialized, skipping
Refreshing native plugins compatible for Editor in 0.54 ms, found 1 plugins.
Preloading 0 native plugins for Editor in 0.00 ms.
Unloading 3063 Unused Serialized files (Serialized files now loaded: 0)
System memory in use before: 131.0 MB.
System memory in use after: 131.2 MB.

Unloading 10 unused Assets to reduce memory usage. Loaded Objects now: 3588.
Total: 2.507600 ms (FindLiveObjects: 0.261200 ms CreateObjectMapping: 0.139300 ms MarkObjects: 2.086000 ms  DeleteObjects: 0.019800 ms)

========================================================================
Received Prepare
Registering precompiled user dll's ...
Registered in 0.003404 seconds.
Begin MonoManager ReloadAssembly
Native extension for WindowsStandalone target not found
Refreshing native plugins compatible for Editor in 0.69 ms, found 1 plugins.
Preloading 0 native plugins for Editor in 0.00 ms.
Mono: successfully reloaded assembly
- Completed reload, in  1.090 seconds
Platform modules already initialized, skipping
Refreshing native plugins compatible for Editor in 0.60 ms, found 1 plugins.
Preloading 0 native plugins for Editor in 0.00 ms.
Unloading 3063 Unused Serialized files (Serialized files now loaded: 0)
System memory in use before: 131.0 MB.
System memory in use after: 131.2 MB.

Unloading 10 unused Assets to reduce memory usage. Loaded Objects now: 3590.
Total: 6.144900 ms (FindLiveObjects: 1.158700 ms CreateObjectMapping: 1.077400 ms MarkObjects: 3.875500 ms  DeleteObjects: 0.031300 ms)

========================================================================
Received Prepare
Registering precompiled user dll's ...
Registered in 0.002450 seconds.
Begin MonoManager ReloadAssembly
Native extension for WindowsStandalone target not found
Refreshing native plugins compatible for Editor in 0.47 ms, found 1 plugins.
Preloading 0 native plugins for Editor in 0.00 ms.
Mono: successfully reloaded assembly
- Completed reload, in  0.983 seconds
Platform modules already initialized, skipping
Refreshing native plugins compatible for Editor in 0.49 ms, found 1 plugins.
Preloading 0 native plugins for Editor in 0.00 ms.
Unloading 3063 Unused Serialized files (Serialized files now loaded: 0)
System memory in use before: 131.0 MB.
System memory in use after: 131.2 MB.

Unloading 10 unused Assets to reduce memory usage. Loaded Objects now: 3592.
Total: 4.705600 ms (FindLiveObjects: 0.432400 ms CreateObjectMapping: 0.223100 ms MarkObjects: 4.025000 ms  DeleteObjects: 0.023200 ms)

========================================================================
Received Prepare
Registering precompiled user dll's ...
Registered in 0.002532 seconds.
Begin MonoManager ReloadAssembly
Native extension for WindowsStandalone target not found
Refreshing native plugins compatible for Editor in 0.46 ms, found 1 plugins.
Preloading 0 native plugins for Editor in 0.00 ms.
Mono: successfully reloaded assembly
- Completed reload, in  1.003 seconds
Platform modules already initialized, skipping
Refreshing native plugins compatible for Editor in 0.46 ms, found 1 plugins.
Preloading 0 native plugins for Editor in 0.00 ms.
Unloading 3063 Unused Serialized files (Serialized files now loaded: 0)
System memory in use before: 131.0 MB.
System memory in use after: 131.2 MB.

Unloading 10 unused Assets to reduce memory usage. Loaded Objects now: 3594.
Total: 3.612800 ms (FindLiveObjects: 0.248700 ms CreateObjectMapping: 0.162600 ms MarkObjects: 3.174700 ms  DeleteObjects: 0.025400 ms)

========================================================================
Received Prepare
Registering precompiled user dll's ...
Registered in 0.002434 seconds.
Begin MonoManager ReloadAssembly
Native extension for WindowsStandalone target not found
Refreshing native plugins compatible for Editor in 0.47 ms, found 1 plugins.
Preloading 0 native plugins for Editor in 0.00 ms.
Mono: successfully reloaded assembly
- Completed reload, in  0.969 seconds
Platform modules already initialized, skipping
Refreshing native plugins compatible for Editor in 0.79 ms, found 1 plugins.
Preloading 0 native plugins for Editor in 0.00 ms.
Unloading 3063 Unused Serialized files (Serialized files now loaded: 0)
System memory in use before: 131.0 MB.
System memory in use after: 131.2 MB.

Unloading 10 unused Assets to reduce memory usage. Loaded Objects now: 3596.
Total: 6.792300 ms (FindLiveObjects: 0.246200 ms CreateObjectMapping: 0.184700 ms MarkObjects: 6.342200 ms  DeleteObjects: 0.018000 ms)

========================================================================
Received Prepare
Registering precompiled user dll's ...
Registered in 0.002462 seconds.
Begin MonoManager ReloadAssembly
Native extension for WindowsStandalone target not found
Refreshing native plugins compatible for Editor in 0.98 ms, found 1 plugins.
Preloading 0 native plugins for Editor in 0.00 ms.
Mono: successfully reloaded assembly
- Completed reload, in  1.037 seconds
Platform modules already initialized, skipping
Refreshing native plugins compatible for Editor in 0.93 ms, found 1 plugins.
Preloading 0 native plugins for Editor in 0.00 ms.
Unloading 3063 Unused Serialized files (Serialized files now loaded: 0)
System memory in use before: 131.0 MB.
System memory in use after: 131.2 MB.

Unloading 10 unused Assets to reduce memory usage. Loaded Objects now: 3598.
Total: 2.204000 ms (FindLiveObjects: 0.241200 ms CreateObjectMapping: 0.140100 ms MarkObjects: 1.806100 ms  DeleteObjects: 0.015800 ms)

========================================================================
Received Prepare
Registering precompiled user dll's ...
Registered in 0.002542 seconds.
Begin MonoManager ReloadAssembly
Native extension for WindowsStandalone target not found
Refreshing native plugins compatible for Editor in 0.46 ms, found 1 plugins.
Preloading 0 native plugins for Editor in 0.00 ms.
Mono: successfully reloaded assembly
- Completed reload, in  0.984 seconds
Platform modules already initialized, skipping
Refreshing native plugins compatible for Editor in 0.46 ms, found 1 plugins.
Preloading 0 native plugins for Editor in 0.00 ms.
Unloading 3063 Unused Serialized files (Serialized files now loaded: 0)
System memory in use before: 131.0 MB.
System memory in use after: 131.2 MB.

Unloading 10 unused Assets to reduce memory usage. Loaded Objects now: 3600.
Total: 2.280900 ms (FindLiveObjects: 0.283100 ms CreateObjectMapping: 0.174800 ms MarkObjects: 1.805200 ms  DeleteObjects: 0.017100 ms)

========================================================================
Received Prepare
Registering precompiled user dll's ...
Registered in 0.002491 seconds.
Begin MonoManager ReloadAssembly
Native extension for WindowsStandalone target not found
Refreshing native plugins compatible for Editor in 0.47 ms, found 1 plugins.
Preloading 0 native plugins for Editor in 0.00 ms.
Mono: successfully reloaded assembly
- Completed reload, in  0.903 seconds
Platform modules already initialized, skipping
Refreshing native plugins compatible for Editor in 0.87 ms, found 1 plugins.
Preloading 0 native plugins for Editor in 0.00 ms.
Unloading 3063 Unused Serialized files (Serialized files now loaded: 0)
System memory in use before: 131.0 MB.
System memory in use after: 131.3 MB.

Unloading 10 unused Assets to reduce memory usage. Loaded Objects now: 3602.
Total: 2.615800 ms (FindLiveObjects: 0.404300 ms CreateObjectMapping: 0.240200 ms MarkObjects: 1.953400 ms  DeleteObjects: 0.017000 ms)

========================================================================
Received Prepare
Registering precompiled user dll's ...
Registered in 0.002460 seconds.
Begin MonoManager ReloadAssembly
Native extension for WindowsStandalone target not found
Refreshing native plugins compatible for Editor in 0.50 ms, found 1 plugins.
Preloading 0 native plugins for Editor in 0.00 ms.
Mono: successfully reloaded assembly
- Completed reload, in  0.995 seconds
Platform modules already initialized, skipping
Refreshing native plugins compatible for Editor in 0.48 ms, found 1 plugins.
Preloading 0 native plugins for Editor in 0.00 ms.
Unloading 3063 Unused Serialized files (Serialized files now loaded: 0)
System memory in use before: 131.0 MB.
System memory in use after: 131.3 MB.

Unloading 10 unused Assets to reduce memory usage. Loaded Objects now: 3604.
Total: 2.658900 ms (FindLiveObjects: 0.320000 ms CreateObjectMapping: 0.148100 ms MarkObjects: 2.171900 ms  DeleteObjects: 0.018100 ms)

========================================================================
Received Prepare
Registering precompiled user dll's ...
Registered in 0.004263 seconds.
Begin MonoManager ReloadAssembly
Native extension for WindowsStandalone target not found
Refreshing native plugins compatible for Editor in 0.46 ms, found 1 plugins.
Preloading 0 native plugins for Editor in 0.00 ms.
Mono: successfully reloaded assembly
- Completed reload, in  0.986 seconds
Platform modules already initialized, skipping
Refreshing native plugins compatible for Editor in 0.47 ms, found 1 plugins.
Preloading 0 native plugins for Editor in 0.00 ms.
Unloading 3063 Unused Serialized files (Serialized files now loaded: 0)
System memory in use before: 131.0 MB.
System memory in use after: 131.3 MB.

Unloading 10 unused Assets to reduce memory usage. Loaded Objects now: 3606.
Total: 4.323200 ms (FindLiveObjects: 0.501300 ms CreateObjectMapping: 0.197600 ms MarkObjects: 3.599300 ms  DeleteObjects: 0.022900 ms)

========================================================================
Received Prepare
Registering precompiled user dll's ...
Registered in 0.003502 seconds.
Begin MonoManager ReloadAssembly
Native extension for WindowsStandalone target not found
Refreshing native plugins compatible for Editor in 0.67 ms, found 1 plugins.
Preloading 0 native plugins for Editor in 0.00 ms.
Mono: successfully reloaded assembly
- Completed reload, in  0.979 seconds
Platform modules already initialized, skipping
Refreshing native plugins compatible for Editor in 0.49 ms, found 1 plugins.
Preloading 0 native plugins for Editor in 0.00 ms.
Unloading 3063 Unused Serialized files (Serialized files now loaded: 0)
System memory in use before: 131.0 MB.
System memory in use after: 131.3 MB.

Unloading 10 unused Assets to reduce memory usage. Loaded Objects now: 3608.
Total: 2.423000 ms (FindLiveObjects: 0.243000 ms CreateObjectMapping: 0.171600 ms MarkObjects: 1.990400 ms  DeleteObjects: 0.017300 ms)

========================================================================
Received Prepare
Registering precompiled user dll's ...
Registered in 0.002618 seconds.
Begin MonoManager ReloadAssembly
Native extension for WindowsStandalone target not found
Refreshing native plugins compatible for Editor in 0.47 ms, found 1 plugins.
Preloading 0 native plugins for Editor in 0.00 ms.
Mono: successfully reloaded assembly
- Completed reload, in  0.940 seconds
Platform modules already initialized, skipping
Refreshing native plugins compatible for Editor in 0.54 ms, found 1 plugins.
Preloading 0 native plugins for Editor in 0.00 ms.
Unloading 3063 Unused Serialized files (Serialized files now loaded: 0)
System memory in use before: 131.0 MB.
System memory in use after: 131.3 MB.

Unloading 10 unused Assets to reduce memory usage. Loaded Objects now: 3610.
Total: 3.447900 ms (FindLiveObjects: 0.350600 ms CreateObjectMapping: 0.182100 ms MarkObjects: 2.890400 ms  DeleteObjects: 0.023300 ms)

========================================================================
Received Prepare
Registering precompiled user dll's ...
Registered in 0.003215 seconds.
Begin MonoManager ReloadAssembly
Native extension for WindowsStandalone target not found
Refreshing native plugins compatible for Editor in 0.47 ms, found 1 plugins.
Preloading 0 native plugins for Editor in 0.00 ms.
Mono: successfully reloaded assembly
- Completed reload, in  0.957 seconds
Platform modules already initialized, skipping
Refreshing native plugins compatible for Editor in 0.51 ms, found 1 plugins.
Preloading 0 native plugins for Editor in 0.00 ms.
Unloading 3063 Unused Serialized files (Serialized files now loaded: 0)
System memory in use before: 131.0 MB.
System memory in use after: 131.3 MB.

Unloading 10 unused Assets to reduce memory usage. Loaded Objects now: 3612.
Total: 2.730000 ms (FindLiveObjects: 0.333000 ms CreateObjectMapping: 0.173900 ms MarkObjects: 2.205700 ms  DeleteObjects: 0.016200 ms)

========================================================================
Received Prepare
Registering precompiled user dll's ...
Registered in 0.003687 seconds.
Begin MonoManager ReloadAssembly
Native extension for WindowsStandalone target not found
Refreshing native plugins compatible for Editor in 0.50 ms, found 1 plugins.
Preloading 0 native plugins for Editor in 0.00 ms.
Mono: successfully reloaded assembly
- Completed reload, in  0.984 seconds
Platform modules already initialized, skipping
Refreshing native plugins compatible for Editor in 0.47 ms, found 1 plugins.
Preloading 0 native plugins for Editor in 0.00 ms.
Unloading 3063 Unused Serialized files (Serialized files now loaded: 0)
System memory in use before: 131.0 MB.
System memory in use after: 131.3 MB.

Unloading 10 unused Assets to reduce memory usage. Loaded Objects now: 3614.
Total: 2.502700 ms (FindLiveObjects: 0.323900 ms CreateObjectMapping: 0.147500 ms MarkObjects: 2.014900 ms  DeleteObjects: 0.015600 ms)

========================================================================
Received Prepare
Registering precompiled user dll's ...
Registered in 0.002502 seconds.
Begin MonoManager ReloadAssembly
Native extension for WindowsStandalone target not found
Refreshing native plugins compatible for Editor in 0.45 ms, found 1 plugins.
Preloading 0 native plugins for Editor in 0.00 ms.
Mono: successfully reloaded assembly
- Completed reload, in  0.989 seconds
Platform modules already initialized, skipping
Refreshing native plugins compatible for Editor in 0.48 ms, found 1 plugins.
Preloading 0 native plugins for Editor in 0.00 ms.
Unloading 3063 Unused Serialized files (Serialized files now loaded: 0)
System memory in use before: 131.1 MB.
System memory in use after: 131.3 MB.

Unloading 10 unused Assets to reduce memory usage. Loaded Objects now: 3616.
Total: 2.689500 ms (FindLiveObjects: 0.323900 ms CreateObjectMapping: 0.169300 ms MarkObjects: 2.177700 ms  DeleteObjects: 0.017300 ms)

========================================================================
Received Prepare
Registering precompiled user dll's ...
Registered in 0.002508 seconds.
Begin MonoManager ReloadAssembly
Native extension for WindowsStandalone target not found
Refreshing native plugins compatible for Editor in 0.47 ms, found 1 plugins.
Preloading 0 native plugins for Editor in 0.00 ms.
Mono: successfully reloaded assembly
- Completed reload, in  0.974 seconds
Platform modules already initialized, skipping
Refreshing native plugins compatible for Editor in 0.50 ms, found 1 plugins.
Preloading 0 native plugins for Editor in 0.00 ms.
Unloading 3063 Unused Serialized files (Serialized files now loaded: 0)
System memory in use before: 131.1 MB.
System memory in use after: 131.3 MB.

Unloading 10 unused Assets to reduce memory usage. Loaded Objects now: 3618.
Total: 2.584200 ms (FindLiveObjects: 0.238000 ms CreateObjectMapping: 0.138400 ms MarkObjects: 2.190600 ms  DeleteObjects: 0.016500 ms)

========================================================================
Received Prepare
Registering precompiled user dll's ...
Registered in 0.002866 seconds.
Begin MonoManager ReloadAssembly
Native extension for WindowsStandalone target not found
Refreshing native plugins compatible for Editor in 0.71 ms, found 1 plugins.
Preloading 0 native plugins for Editor in 0.00 ms.
Mono: successfully reloaded assembly
- Completed reload, in  0.956 seconds
Platform modules already initialized, skipping
Refreshing native plugins compatible for Editor in 0.48 ms, found 1 plugins.
Preloading 0 native plugins for Editor in 0.00 ms.
Unloading 3063 Unused Serialized files (Serialized files now loaded: 0)
System memory in use before: 131.1 MB.
System memory in use after: 131.3 MB.

Unloading 10 unused Assets to reduce memory usage. Loaded Objects now: 3620.
Total: 2.653800 ms (FindLiveObjects: 0.340600 ms CreateObjectMapping: 0.174200 ms MarkObjects: 2.120100 ms  DeleteObjects: 0.018000 ms)

========================================================================
Received Prepare
Registering precompiled user dll's ...
Registered in 0.003272 seconds.
Begin MonoManager ReloadAssembly
Native extension for WindowsStandalone target not found
Refreshing native plugins compatible for Editor in 0.76 ms, found 1 plugins.
Preloading 0 native plugins for Editor in 0.00 ms.
Mono: successfully reloaded assembly
- Completed reload, in  0.974 seconds
Platform modules already initialized, skipping
Refreshing native plugins compatible for Editor in 0.50 ms, found 1 plugins.
Preloading 0 native plugins for Editor in 0.00 ms.
Unloading 3063 Unused Serialized files (Serialized files now loaded: 0)
System memory in use before: 131.1 MB.
System memory in use after: 131.3 MB.

Unloading 10 unused Assets to reduce memory usage. Loaded Objects now: 3622.
Total: 2.275300 ms (FindLiveObjects: 0.288000 ms CreateObjectMapping: 0.157700 ms MarkObjects: 1.813900 ms  DeleteObjects: 0.014800 ms)

========================================================================
Received Prepare
Registering precompiled user dll's ...
Registered in 0.002883 seconds.
Begin MonoManager ReloadAssembly
Native extension for WindowsStandalone target not found
Refreshing native plugins compatible for Editor in 0.52 ms, found 1 plugins.
Preloading 0 native plugins for Editor in 0.00 ms.
Mono: successfully reloaded assembly
- Completed reload, in  0.979 seconds
Platform modules already initialized, skipping
Refreshing native plugins compatible for Editor in 0.56 ms, found 1 plugins.
Preloading 0 native plugins for Editor in 0.00 ms.
Unloading 3063 Unused Serialized files (Serialized files now loaded: 0)
System memory in use before: 131.1 MB.
System memory in use after: 131.3 MB.

Unloading 10 unused Assets to reduce memory usage. Loaded Objects now: 3624.
Total: 3.282800 ms (FindLiveObjects: 0.395000 ms CreateObjectMapping: 0.192900 ms MarkObjects: 2.666900 ms  DeleteObjects: 0.026100 ms)

========================================================================
Received Prepare
Registering precompiled user dll's ...
Registered in 0.002718 seconds.
Begin MonoManager ReloadAssembly
Native extension for WindowsStandalone target not found
Refreshing native plugins compatible for Editor in 0.51 ms, found 1 plugins.
Preloading 0 native plugins for Editor in 0.00 ms.
Mono: successfully reloaded assembly
- Completed reload, in  1.084 seconds
Platform modules already initialized, skipping
Refreshing native plugins compatible for Editor in 0.93 ms, found 1 plugins.
Preloading 0 native plugins for Editor in 0.00 ms.
Unloading 3063 Unused Serialized files (Serialized files now loaded: 0)
System memory in use before: 131.1 MB.
System memory in use after: 131.3 MB.

Unloading 10 unused Assets to reduce memory usage. Loaded Objects now: 3626.
Total: 2.346000 ms (FindLiveObjects: 0.240300 ms CreateObjectMapping: 0.136000 ms MarkObjects: 1.953300 ms  DeleteObjects: 0.015300 ms)

========================================================================
Received Prepare
Registering precompiled user dll's ...
Registered in 0.002460 seconds.
Begin MonoManager ReloadAssembly
Native extension for WindowsStandalone target not found
Refreshing native plugins compatible for Editor in 0.76 ms, found 1 plugins.
Preloading 0 native plugins for Editor in 0.00 ms.
Mono: successfully reloaded assembly
- Completed reload, in  1.061 seconds
Platform modules already initialized, skipping
Refreshing native plugins compatible for Editor in 0.70 ms, found 1 plugins.
Preloading 0 native plugins for Editor in 0.00 ms.
Unloading 3063 Unused Serialized files (Serialized files now loaded: 0)
System memory in use before: 131.1 MB.
System memory in use after: 131.3 MB.

Unloading 10 unused Assets to reduce memory usage. Loaded Objects now: 3628.
Total: 3.488300 ms (FindLiveObjects: 0.262800 ms CreateObjectMapping: 0.155800 ms MarkObjects: 3.044800 ms  DeleteObjects: 0.023500 ms)

========================================================================
Received Prepare
Registering precompiled user dll's ...
Registered in 0.002514 seconds.
Begin MonoManager ReloadAssembly
Native extension for WindowsStandalone target not found
Refreshing native plugins compatible for Editor in 0.47 ms, found 1 plugins.
Preloading 0 native plugins for Editor in 0.00 ms.
Mono: successfully reloaded assembly
- Completed reload, in  1.027 seconds
Platform modules already initialized, skipping
Refreshing native plugins compatible for Editor in 0.48 ms, found 1 plugins.
Preloading 0 native plugins for Editor in 0.00 ms.
Unloading 3063 Unused Serialized files (Serialized files now loaded: 0)
System memory in use before: 131.1 MB.
System memory in use after: 131.3 MB.

Unloading 10 unused Assets to reduce memory usage. Loaded Objects now: 3630.
Total: 2.718400 ms (FindLiveObjects: 0.377700 ms CreateObjectMapping: 0.220000 ms MarkObjects: 2.101800 ms  DeleteObjects: 0.018000 ms)

========================================================================
Received Prepare
Registering precompiled user dll's ...
Registered in 0.002642 seconds.
Begin MonoManager ReloadAssembly
Native extension for WindowsStandalone target not found
Refreshing native plugins compatible for Editor in 0.50 ms, found 1 plugins.
Preloading 0 native plugins for Editor in 0.00 ms.
Mono: successfully reloaded assembly
- Completed reload, in  1.065 seconds
Platform modules already initialized, skipping
Refreshing native plugins compatible for Editor in 0.81 ms, found 1 plugins.
Preloading 0 native plugins for Editor in 0.00 ms.
Unloading 3063 Unused Serialized files (Serialized files now loaded: 0)
System memory in use before: 131.1 MB.
System memory in use after: 131.3 MB.

Unloading 10 unused Assets to reduce memory usage. Loaded Objects now: 3632.
Total: 3.498500 ms (FindLiveObjects: 0.392700 ms CreateObjectMapping: 0.326500 ms MarkObjects: 2.747000 ms  DeleteObjects: 0.030800 ms)

========================================================================
Received Prepare
Registering precompiled user dll's ...
Registered in 0.002660 seconds.
Begin MonoManager ReloadAssembly
Native extension for WindowsStandalone target not found
Refreshing native plugins compatible for Editor in 0.50 ms, found 1 plugins.
Preloading 0 native plugins for Editor in 0.00 ms.
Mono: successfully reloaded assembly
- Completed reload, in  1.268 seconds
Platform modules already initialized, skipping
Refreshing native plugins compatible for Editor in 0.66 ms, found 1 plugins.
Preloading 0 native plugins for Editor in 0.00 ms.
Unloading 3063 Unused Serialized files (Serialized files now loaded: 0)
System memory in use before: 131.1 MB.
System memory in use after: 131.3 MB.

Unloading 10 unused Assets to reduce memory usage. Loaded Objects now: 3634.
Total: 3.280600 ms (FindLiveObjects: 0.362400 ms CreateObjectMapping: 0.223300 ms MarkObjects: 2.660900 ms  DeleteObjects: 0.032000 ms)

========================================================================
Received Prepare
Registering precompiled user dll's ...
Registered in 0.002449 seconds.
Begin MonoManager ReloadAssembly
Native extension for WindowsStandalone target not found
Refreshing native plugins compatible for Editor in 0.84 ms, found 1 plugins.
Preloading 0 native plugins for Editor in 0.00 ms.
Mono: successfully reloaded assembly
- Completed reload, in  1.049 seconds
Platform modules already initialized, skipping
Refreshing native plugins compatible for Editor in 0.64 ms, found 1 plugins.
Preloading 0 native plugins for Editor in 0.00 ms.
Unloading 3063 Unused Serialized files (Serialized files now loaded: 0)
System memory in use before: 131.1 MB.
System memory in use after: 131.3 MB.

Unloading 10 unused Assets to reduce memory usage. Loaded Objects now: 3636.
Total: 2.513400 ms (FindLiveObjects: 0.232300 ms CreateObjectMapping: 0.136600 ms MarkObjects: 2.127300 ms  DeleteObjects: 0.016200 ms)

========================================================================
Received Prepare
Registering precompiled user dll's ...
Registered in 0.002574 seconds.
Begin MonoManager ReloadAssembly
Native extension for WindowsStandalone target not found
Refreshing native plugins compatible for Editor in 0.47 ms, found 1 plugins.
Preloading 0 native plugins for Editor in 0.00 ms.
Mono: successfully reloaded assembly
- Completed reload, in  1.058 seconds
Platform modules already initialized, skipping
Refreshing native plugins compatible for Editor in 0.73 ms, found 1 plugins.
Preloading 0 native plugins for Editor in 0.00 ms.
Unloading 3063 Unused Serialized files (Serialized files now loaded: 0)
System memory in use before: 131.1 MB.
System memory in use after: 131.3 MB.

Unloading 10 unused Assets to reduce memory usage. Loaded Objects now: 3638.
Total: 4.688400 ms (FindLiveObjects: 0.348600 ms CreateObjectMapping: 0.185500 ms MarkObjects: 4.083800 ms  DeleteObjects: 0.068900 ms)

========================================================================
Received Prepare
Registering precompiled user dll's ...
Registered in 0.003632 seconds.
Begin MonoManager ReloadAssembly
Native extension for WindowsStandalone target not found
Refreshing native plugins compatible for Editor in 1.43 ms, found 1 plugins.
Preloading 0 native plugins for Editor in 0.00 ms.
Mono: successfully reloaded assembly
- Completed reload, in  1.105 seconds
Platform modules already initialized, skipping
Refreshing native plugins compatible for Editor in 0.91 ms, found 1 plugins.
Preloading 0 native plugins for Editor in 0.00 ms.
Unloading 3063 Unused Serialized files (Serialized files now loaded: 0)
System memory in use before: 131.1 MB.
System memory in use after: 131.3 MB.

Unloading 10 unused Assets to reduce memory usage. Loaded Objects now: 3640.
Total: 2.454500 ms (FindLiveObjects: 0.228500 ms CreateObjectMapping: 0.132600 ms MarkObjects: 2.074500 ms  DeleteObjects: 0.017500 ms)

========================================================================
Received Prepare
Registering precompiled user dll's ...
Registered in 0.002716 seconds.
Begin MonoManager ReloadAssembly
Native extension for WindowsStandalone target not found
Refreshing native plugins compatible for Editor in 0.54 ms, found 1 plugins.
Preloading 0 native plugins for Editor in 0.00 ms.
Mono: successfully reloaded assembly
- Completed reload, in  1.050 seconds
Platform modules already initialized, skipping
Refreshing native plugins compatible for Editor in 0.55 ms, found 1 plugins.
Preloading 0 native plugins for Editor in 0.00 ms.
Unloading 3063 Unused Serialized files (Serialized files now loaded: 0)
System memory in use before: 131.1 MB.
System memory in use after: 131.3 MB.

Unloading 10 unused Assets to reduce memory usage. Loaded Objects now: 3642.
Total: 2.788300 ms (FindLiveObjects: 0.334600 ms CreateObjectMapping: 0.155700 ms MarkObjects: 2.272200 ms  DeleteObjects: 0.024300 ms)

========================================================================
Received Prepare
Registering precompiled user dll's ...
Registered in 0.002693 seconds.
Begin MonoManager ReloadAssembly
Native extension for WindowsStandalone target not found
Refreshing native plugins compatible for Editor in 0.53 ms, found 1 plugins.
Preloading 0 native plugins for Editor in 0.00 ms.
Mono: successfully reloaded assembly
- Completed reload, in  1.030 seconds
Platform modules already initialized, skipping
Refreshing native plugins compatible for Editor in 0.47 ms, found 1 plugins.
Preloading 0 native plugins for Editor in 0.00 ms.
Unloading 3063 Unused Serialized files (Serialized files now loaded: 0)
System memory in use before: 131.1 MB.
System memory in use after: 131.4 MB.

Unloading 10 unused Assets to reduce memory usage. Loaded Objects now: 3644.
Total: 2.387600 ms (FindLiveObjects: 0.271900 ms CreateObjectMapping: 0.129700 ms MarkObjects: 1.969300 ms  DeleteObjects: 0.015800 ms)

========================================================================
Received Prepare
Registering precompiled user dll's ...
Registered in 0.002991 seconds.
Begin MonoManager ReloadAssembly
Native extension for WindowsStandalone target not found
Refreshing native plugins compatible for Editor in 0.75 ms, found 1 plugins.
Preloading 0 native plugins for Editor in 0.00 ms.
Mono: successfully reloaded assembly
- Completed reload, in  1.067 seconds
Platform modules already initialized, skipping
Refreshing native plugins compatible for Editor in 0.82 ms, found 1 plugins.
Preloading 0 native plugins for Editor in 0.00 ms.
Unloading 3063 Unused Serialized files (Serialized files now loaded: 0)
System memory in use before: 131.1 MB.
System memory in use after: 131.4 MB.

Unloading 10 unused Assets to reduce memory usage. Loaded Objects now: 3646.
Total: 2.989700 ms (FindLiveObjects: 0.259000 ms CreateObjectMapping: 0.157800 ms MarkObjects: 2.550300 ms  DeleteObjects: 0.021300 ms)

========================================================================
Received Prepare
Registering precompiled user dll's ...
Registered in 0.003227 seconds.
Begin MonoManager ReloadAssembly
Native extension for WindowsStandalone target not found
Refreshing native plugins compatible for Editor in 0.58 ms, found 1 plugins.
Preloading 0 native plugins for Editor in 0.00 ms.
Mono: successfully reloaded assembly
- Completed reload, in  1.069 seconds
Platform modules already initialized, skipping
Refreshing native plugins compatible for Editor in 0.56 ms, found 1 plugins.
Preloading 0 native plugins for Editor in 0.00 ms.
Unloading 3063 Unused Serialized files (Serialized files now loaded: 0)
System memory in use before: 131.1 MB.
System memory in use after: 131.4 MB.

Unloading 10 unused Assets to reduce memory usage. Loaded Objects now: 3648.
Total: 2.178600 ms (FindLiveObjects: 0.215900 ms CreateObjectMapping: 0.112700 ms MarkObjects: 1.826500 ms  DeleteObjects: 0.022200 ms)

========================================================================
Received Prepare
Registering precompiled user dll's ...
Registered in 0.002607 seconds.
Begin MonoManager ReloadAssembly
Native extension for WindowsStandalone target not found
Refreshing native plugins compatible for Editor in 0.79 ms, found 1 plugins.
Preloading 0 native plugins for Editor in 0.00 ms.
Mono: successfully reloaded assembly
- Completed reload, in  1.105 seconds
Platform modules already initialized, skipping
Refreshing native plugins compatible for Editor in 0.81 ms, found 1 plugins.
Preloading 0 native plugins for Editor in 0.00 ms.
Unloading 3063 Unused Serialized files (Serialized files now loaded: 0)
System memory in use before: 131.1 MB.
System memory in use after: 131.4 MB.

Unloading 10 unused Assets to reduce memory usage. Loaded Objects now: 3650.
Total: 2.310800 ms (FindLiveObjects: 0.235500 ms CreateObjectMapping: 0.138700 ms MarkObjects: 1.919000 ms  DeleteObjects: 0.016600 ms)

========================================================================
Received Prepare
Registering precompiled user dll's ...
Registered in 0.002599 seconds.
Begin MonoManager ReloadAssembly
Native extension for WindowsStandalone target not found
Refreshing native plugins compatible for Editor in 0.51 ms, found 1 plugins.
Preloading 0 native plugins for Editor in 0.00 ms.
Mono: successfully reloaded assembly
- Completed reload, in  1.080 seconds
Platform modules already initialized, skipping
Refreshing native plugins compatible for Editor in 0.57 ms, found 1 plugins.
Preloading 0 native plugins for Editor in 0.00 ms.
Unloading 3063 Unused Serialized files (Serialized files now loaded: 0)
System memory in use before: 131.1 MB.
System memory in use after: 131.4 MB.

Unloading 10 unused Assets to reduce memory usage. Loaded Objects now: 3652.
Total: 2.629600 ms (FindLiveObjects: 0.260500 ms CreateObjectMapping: 0.139400 ms MarkObjects: 2.209800 ms  DeleteObjects: 0.017000 ms)

========================================================================
Received Prepare
Registering precompiled user dll's ...
Registered in 0.002523 seconds.
Begin MonoManager ReloadAssembly
Native extension for WindowsStandalone target not found
Refreshing native plugins compatible for Editor in 0.52 ms, found 1 plugins.
Preloading 0 native plugins for Editor in 0.00 ms.
Mono: successfully reloaded assembly
- Completed reload, in  0.978 seconds
Platform modules already initialized, skipping
Refreshing native plugins compatible for Editor in 0.55 ms, found 1 plugins.
Preloading 0 native plugins for Editor in 0.00 ms.
Unloading 3063 Unused Serialized files (Serialized files now loaded: 0)
System memory in use before: 131.1 MB.
System memory in use after: 131.4 MB.

Unloading 10 unused Assets to reduce memory usage. Loaded Objects now: 3654.
Total: 2.319800 ms (FindLiveObjects: 0.243100 ms CreateObjectMapping: 0.140900 ms MarkObjects: 1.919200 ms  DeleteObjects: 0.015100 ms)

========================================================================
Received Prepare
Registering precompiled user dll's ...
Registered in 0.002541 seconds.
Begin MonoManager ReloadAssembly
Native extension for WindowsStandalone target not found
Refreshing native plugins compatible for Editor in 0.50 ms, found 1 plugins.
Preloading 0 native plugins for Editor in 0.00 ms.
Mono: successfully reloaded assembly
- Completed reload, in  1.022 seconds
Platform modules already initialized, skipping
Refreshing native plugins compatible for Editor in 0.56 ms, found 1 plugins.
Preloading 0 native plugins for Editor in 0.00 ms.
Unloading 3063 Unused Serialized files (Serialized files now loaded: 0)
System memory in use before: 131.2 MB.
System memory in use after: 131.4 MB.

Unloading 10 unused Assets to reduce memory usage. Loaded Objects now: 3656.
Total: 2.164500 ms (FindLiveObjects: 0.259300 ms CreateObjectMapping: 0.131800 ms MarkObjects: 1.758000 ms  DeleteObjects: 0.014700 ms)

========================================================================
Received Prepare
Registering precompiled user dll's ...
Registered in 0.002540 seconds.
Begin MonoManager ReloadAssembly
Native extension for WindowsStandalone target not found
Refreshing native plugins compatible for Editor in 0.51 ms, found 1 plugins.
Preloading 0 native plugins for Editor in 0.00 ms.
Mono: successfully reloaded assembly
- Completed reload, in  0.974 seconds
Platform modules already initialized, skipping
Refreshing native plugins compatible for Editor in 0.58 ms, found 1 plugins.
Preloading 0 native plugins for Editor in 0.00 ms.
Unloading 3063 Unused Serialized files (Serialized files now loaded: 0)
System memory in use before: 131.2 MB.
System memory in use after: 131.4 MB.

Unloading 10 unused Assets to reduce memory usage. Loaded Objects now: 3658.
Total: 2.143600 ms (FindLiveObjects: 0.243200 ms CreateObjectMapping: 0.138100 ms MarkObjects: 1.746800 ms  DeleteObjects: 0.014400 ms)

========================================================================
Received Prepare
Registering precompiled user dll's ...
Registered in 0.003124 seconds.
Begin MonoManager ReloadAssembly
Native extension for WindowsStandalone target not found
Refreshing native plugins compatible for Editor in 0.66 ms, found 1 plugins.
Preloading 0 native plugins for Editor in 0.00 ms.
Mono: successfully reloaded assembly
- Completed reload, in  0.987 seconds
Platform modules already initialized, skipping
Refreshing native plugins compatible for Editor in 0.54 ms, found 1 plugins.
Preloading 0 native plugins for Editor in 0.00 ms.
Unloading 3063 Unused Serialized files (Serialized files now loaded: 0)
System memory in use before: 131.2 MB.
System memory in use after: 131.4 MB.

Unloading 10 unused Assets to reduce memory usage. Loaded Objects now: 3660.
Total: 2.531300 ms (FindLiveObjects: 0.349200 ms CreateObjectMapping: 0.203000 ms MarkObjects: 1.962600 ms  DeleteObjects: 0.015400 ms)

========================================================================
Received Prepare
Registering precompiled user dll's ...
Registered in 0.002597 seconds.
Begin MonoManager ReloadAssembly
Native extension for WindowsStandalone target not found
Refreshing native plugins compatible for Editor in 0.48 ms, found 1 plugins.
Preloading 0 native plugins for Editor in 0.00 ms.
Mono: successfully reloaded assembly
- Completed reload, in  0.997 seconds
Platform modules already initialized, skipping
Refreshing native plugins compatible for Editor in 0.47 ms, found 1 plugins.
Preloading 0 native plugins for Editor in 0.00 ms.
Unloading 3063 Unused Serialized files (Serialized files now loaded: 0)
System memory in use before: 131.2 MB.
System memory in use after: 131.4 MB.

Unloading 10 unused Assets to reduce memory usage. Loaded Objects now: 3662.
Total: 2.959800 ms (FindLiveObjects: 0.284700 ms CreateObjectMapping: 0.177300 ms MarkObjects: 2.473300 ms  DeleteObjects: 0.022600 ms)

========================================================================
Received Prepare
Registering precompiled user dll's ...
Registered in 0.002795 seconds.
Begin MonoManager ReloadAssembly
Native extension for WindowsStandalone target not found
Refreshing native plugins compatible for Editor in 0.50 ms, found 1 plugins.
Preloading 0 native plugins for Editor in 0.00 ms.
Mono: successfully reloaded assembly
- Completed reload, in  0.962 seconds
Platform modules already initialized, skipping
Refreshing native plugins compatible for Editor in 0.51 ms, found 1 plugins.
Preloading 0 native plugins for Editor in 0.00 ms.
Unloading 3063 Unused Serialized files (Serialized files now loaded: 0)
System memory in use before: 131.2 MB.
System memory in use after: 131.4 MB.

Unloading 10 unused Assets to reduce memory usage. Loaded Objects now: 3664.
Total: 2.841800 ms (FindLiveObjects: 0.264100 ms CreateObjectMapping: 0.139200 ms MarkObjects: 2.420200 ms  DeleteObjects: 0.017300 ms)

========================================================================
Received Prepare
Registering precompiled user dll's ...
Registered in 0.003692 seconds.
Begin MonoManager ReloadAssembly
Native extension for WindowsStandalone target not found
Refreshing native plugins compatible for Editor in 0.47 ms, found 1 plugins.
Preloading 0 native plugins for Editor in 0.00 ms.
Mono: successfully reloaded assembly
- Completed reload, in  0.940 seconds
Platform modules already initialized, skipping
Refreshing native plugins compatible for Editor in 0.49 ms, found 1 plugins.
Preloading 0 native plugins for Editor in 0.00 ms.
Unloading 3063 Unused Serialized files (Serialized files now loaded: 0)
System memory in use before: 131.2 MB.
System memory in use after: 131.4 MB.

Unloading 10 unused Assets to reduce memory usage. Loaded Objects now: 3666.
Total: 3.025800 ms (FindLiveObjects: 0.358000 ms CreateObjectMapping: 0.187700 ms MarkObjects: 2.461700 ms  DeleteObjects: 0.017600 ms)

========================================================================
Received Prepare
Registering precompiled user dll's ...
Registered in 0.002877 seconds.
Begin MonoManager ReloadAssembly
Native extension for WindowsStandalone target not found
Refreshing native plugins compatible for Editor in 0.48 ms, found 1 plugins.
Preloading 0 native plugins for Editor in 0.00 ms.
Mono: successfully reloaded assembly
- Completed reload, in  1.011 seconds
Platform modules already initialized, skipping
Refreshing native plugins compatible for Editor in 0.45 ms, found 1 plugins.
Preloading 0 native plugins for Editor in 0.00 ms.
Unloading 3063 Unused Serialized files (Serialized files now loaded: 0)
System memory in use before: 131.2 MB.
System memory in use after: 131.4 MB.

Unloading 10 unused Assets to reduce memory usage. Loaded Objects now: 3668.
Total: 2.861100 ms (FindLiveObjects: 0.376300 ms CreateObjectMapping: 0.199400 ms MarkObjects: 2.265800 ms  DeleteObjects: 0.018700 ms)

========================================================================
Received Prepare
Registering precompiled user dll's ...
Registered in 0.002742 seconds.
Begin MonoManager ReloadAssembly
Native extension for WindowsStandalone target not found
Refreshing native plugins compatible for Editor in 0.48 ms, found 1 plugins.
Preloading 0 native plugins for Editor in 0.00 ms.
Mono: successfully reloaded assembly
- Completed reload, in  0.969 seconds
Platform modules already initialized, skipping
Refreshing native plugins compatible for Editor in 0.56 ms, found 1 plugins.
Preloading 0 native plugins for Editor in 0.00 ms.
Unloading 3063 Unused Serialized files (Serialized files now loaded: 0)
System memory in use before: 131.2 MB.
System memory in use after: 131.4 MB.

Unloading 10 unused Assets to reduce memory usage. Loaded Objects now: 3670.
Total: 2.624900 ms (FindLiveObjects: 0.334100 ms CreateObjectMapping: 0.164900 ms MarkObjects: 2.110500 ms  DeleteObjects: 0.014700 ms)

========================================================================
Received Prepare
Registering precompiled user dll's ...
Registered in 0.002655 seconds.
Begin MonoManager ReloadAssembly
Native extension for WindowsStandalone target not found
Refreshing native plugins compatible for Editor in 0.46 ms, found 1 plugins.
Preloading 0 native plugins for Editor in 0.00 ms.
Mono: successfully reloaded assembly
- Completed reload, in  0.973 seconds
Platform modules already initialized, skipping
Refreshing native plugins compatible for Editor in 0.48 ms, found 1 plugins.
Preloading 0 native plugins for Editor in 0.00 ms.
Unloading 3063 Unused Serialized files (Serialized files now loaded: 0)
System memory in use before: 131.2 MB.
System memory in use after: 131.4 MB.

Unloading 10 unused Assets to reduce memory usage. Loaded Objects now: 3672.
Total: 2.558500 ms (FindLiveObjects: 0.270800 ms CreateObjectMapping: 0.147100 ms MarkObjects: 2.123600 ms  DeleteObjects: 0.016200 ms)

========================================================================
Received Prepare
Registering precompiled user dll's ...
Registered in 0.002623 seconds.
Begin MonoManager ReloadAssembly
Native extension for WindowsStandalone target not found
Refreshing native plugins compatible for Editor in 0.46 ms, found 1 plugins.
Preloading 0 native plugins for Editor in 0.00 ms.
Mono: successfully reloaded assembly
- Completed reload, in  0.902 seconds
Platform modules already initialized, skipping
Refreshing native plugins compatible for Editor in 0.50 ms, found 1 plugins.
Preloading 0 native plugins for Editor in 0.00 ms.
Unloading 3063 Unused Serialized files (Serialized files now loaded: 0)
System memory in use before: 131.2 MB.
System memory in use after: 131.4 MB.

Unloading 10 unused Assets to reduce memory usage. Loaded Objects now: 3674.
Total: 3.531900 ms (FindLiveObjects: 0.347800 ms CreateObjectMapping: 0.228100 ms MarkObjects: 2.935000 ms  DeleteObjects: 0.019700 ms)

AssetImportWorkerClient::OnTransportError - code=2 error=End of file
